1477.416667
1486.833333
1365.458333
1292.145833
1297.458333
1300.125001
1281.000000
1266.541666
1256.854167
1238.541666
1228.729166
1208.875000
1169.229166
1047.812501
1047.708333
1029.937499
1018.916668
1015.020835
1017.375000
986.104167
1016.500001
1046.770832
1025.125000
1019.854165
1028.916667
998.708332
1039.479167
1083.875000
962.000001
1022.187499
1032.145834
1053.499999
1009.479166
1136.812501
769.541667
822.895833
804.291667
873.875001
866.645833
856.062501
860.104166
833.250000
751.437499
795.250001
684.833333
915.333333
844.166668
825.354166
589.895835
899.166667
835.500000
868.437499
853.895835
694.916666
705.229167
755.979166
744.104165
941.374999
832.104165
781.354167
870.229167
855.604166
683.729167
725.500000
902.520833
883.437499
804.041668
770.166667
819.125001
703.604167
759.166667
853.000001
859.250000
723.291668
843.354166
848.604166
789.187501
771.374999
870.041668
991.916667
1035.208333
702.312500
564.604167
705.354166
626.166665
737.604167
685.333333
754.895834
699.500001
871.854167
878.437499
900.499999
863.625001
845.041667
671.875001
808.416666
839.062499
747.208333
724.854167
803.708333
789.354167
827.104166
900.666667
627.479167
716.729167
735.208333
812.312500
833.437501
815.333334
838.666666
876.416667
826.020833
1006.041665
1016.145833
1015.833335
878.124999
792.812500
793.249999
798.833332
850.645833
812.874999
805.687501
770.958333
781.083333
723.437499
842.833333
789.229168
796.083334
795.562501
809.708333
783.083334
737.895833
750.125000
775.020833
730.833333
730.979165
775.499999
661.020834
608.604167
557.145834
566.395833
555.416667
559.375000
604.895834
670.708334
842.187500
975.104167
964.895833
892.062501
945.437501
966.895833
916.187501
933.145832
859.874999
676.104167
626.729167
763.875001
677.333333
755.333333
724.854167
703.208333
738.479167
634.729167
616.041667
622.520833
554.270835
685.874999
650.020834
676.041666
629.166666
480.749999
663.395833
621.916667
595.625001
617.479167
690.437499
722.583334
595.874999
671.812501
716.500001
813.749999
926.395833
1113.333333
1161.791667
1241.520835
1269.083334
869.708333
996.812501
947.625001
768.583335
751.291667
750.645834
793.895833
768.666665
785.541666
781.604167
768.625000
798.895835
821.625001
864.187500
579.416665
447.895833
737.791667
751.145833
781.312500
940.479167
931.916667
828.562499
926.916667
833.083334
843.645832
824.291667
805.062499
776.958332
791.354166
722.312499
1021.145833
734.541667
921.500000
743.958333
679.562501
887.625000
575.166667
556.062499
811.979165
888.854167
556.562499
582.354165
526.270835
580.479165
765.458335
509.437499
806.395833
602.645834
706.895832
836.854167
902.520834
665.020835
857.333333
864.937501
770.541667
691.208333
941.749999
951.499999
909.312499
897.395832
914.979166
887.020833
841.916667
781.416667
783.208333
791.145833
756.291667
796.937500
797.500001
642.479165
627.708333
892.999999
818.895832
758.750000
768.333333
615.812500
718.187499
849.875001
749.437501
652.124999
576.395833
920.687499
603.229167
572.750000
605.312499
447.937500
874.395835
583.125000
693.520833
659.125001
503.062500
778.374999
686.104167
707.312501
648.791667
549.145832
515.708334
736.125000
751.229167
785.687499
629.541667
592.020834
618.166667
795.520832
961.645833
726.770833
758.916665
663.375001
913.812499
638.354167
644.687499
638.104166
905.333333
863.375000
802.520833
816.791667
718.916667
784.333334
721.062500
774.791667
526.895834
569.500001
649.770834
688.937499
651.875001
676.625000
646.833334
729.041667
643.125001
756.020833
766.666667
776.479167
730.645833
720.562501
695.708333
789.562500
796.833334
643.020832
836.604166
836.270834
771.437501
781.958335
803.958332
823.125000
777.125000
886.020833
879.750000
919.250001
874.895833
867.750001
876.583334
861.895833
805.312501
715.645835
659.958333
666.833335
639.895833
547.875000
487.187501
481.604166
536.333333
676.708333
651.687501
707.166665
735.291666
791.687501
751.875000
793.687501
740.229167
742.104167
754.708333
852.937501
750.354165
702.895832
661.375000
693.270835
950.229166
946.895833
668.437499
809.958334
1051.000000
676.229167
988.374999
1153.145833
1062.500001
943.791667
1031.666667
793.708334
531.062499
742.312500
858.791667
736.291668
800.979167
813.791667
847.687501
693.437500
764.770833
984.354167
515.729165
943.749999
501.562499
765.875001
671.291667
795.979168
818.812499
562.479166
839.208333
1122.833332
915.687500
930.645832
992.145834
967.166666
1073.458334
1086.562499
975.479165
912.500000
893.583333
813.479167
949.479166
967.854167
917.562500
990.812501
990.625001
920.375001
880.125000
813.062500
897.812499
909.604165
970.249999
943.937500
887.291667
852.770834
772.937501
785.604166
831.812499
787.750001
846.520835
820.562499
837.208333
814.979166
784.687501
632.020835
586.812501
562.229168
578.249999
565.500001
577.416666
553.937500
522.749999
538.291667
554.166667
590.562499
619.666667
553.270835
750.479167
800.604167
765.270832
682.833333
736.666667
727.250001
662.999999
604.645835
493.437499
658.333333
591.458335
679.895832
823.479167
637.479166
1037.708332
1033.312499
1094.729168
740.291667
665.250000
560.729167
827.520835
842.812499
774.437501
733.604168
601.645833
523.958332
571.541666
636.937500
729.041668
670.354167
742.145833
777.479165
823.145832
888.249999
985.895833
973.333333
948.125001
1058.083332
1041.499999
1042.854167
983.395835
877.229167
858.541666
925.354167
947.395835
1069.187499
867.583333
788.875000
775.062500
805.708333
823.645833
813.687499
792.291667
805.875001
815.208333
778.833335
732.479166
680.229168
573.500001
502.291667
527.083335
594.666668
604.645833
578.145833
722.604167
668.354166
665.354167
716.333332
726.874999
738.979167
758.812501
790.687500
550.041667
589.104167
643.479167
639.583332
1096.708333
1148.666667
1144.416668
1034.000001
860.645833
894.770833
1028.937501
1075.479165
1047.791665
804.208335
818.895833
761.041667
808.416667
560.812501
608.083333
627.791667
664.979167
614.458333
516.229166
533.895832
550.979166
589.062500
606.916667
574.833333
659.916665
638.437501
600.458333
578.645835
604.458333
601.270832
695.729166
653.229166
564.458334
594.187501
595.312501
599.854167
623.458333
595.354167
611.145833
613.583334
1036.687501
1026.458334
1003.895833
1025.750000
1013.354167
982.666666
958.708333
963.000000
985.479168
933.499999
925.583333
927.916666
878.958333
915.000001
814.333333
839.250001
806.624999
817.437499
722.916665
692.479167
766.437500
1235.770832
1206.729167
1168.833333
1168.854165
1207.208333
1220.041666
1106.395835
1020.520833
949.312500
880.999999
894.875000
896.562499
886.645833
831.374999
852.666667
820.583333
700.666667
1112.374999
1066.604166
1064.500000
1095.520834
983.333333
985.687499
993.604166
1007.749999
1012.749999
1010.000001
1008.229165
1002.312501
827.604167
868.437501
1042.166667
1049.437500
1015.083332
1120.666665
1046.666667
850.854167
825.812499
921.395835
880.916667
819.958333
831.708335
812.999999
812.291667
875.604167
832.645833
916.583333
972.166667
1001.750001
992.104166
1023.875001
883.562501
1025.749999
1065.291665
1178.875000
1143.395834
1123.041667
1047.479167
1104.354167
932.604167
1012.375001
1037.416665
1087.416668
1065.375001
1045.729167
1125.395833
1047.229166
1101.583333
1001.833332
971.812499
1083.500001
1050.895833
1035.895833
1012.562500
938.020832
917.583333
1024.374999
1078.291668
1037.041666
494.083333
819.354167
929.187499
1250.250001
1150.979167
1322.645832
830.520833
895.708335
753.208333
866.000000
893.895835
736.916667
979.479166
998.958334
1015.395833
1001.916666
1039.937501
1054.708334
1018.270833
882.145834
772.708333
988.541667
979.833335
1041.895835
1059.270833
1131.687499
935.458333
827.937501
906.479167
889.979166
1057.312500
987.562501
951.208333
915.833333
896.604167
832.791667
730.187499
778.604166
787.687500
776.062501
823.437501
780.312499
846.000000
765.416667
806.020833
933.333333
1079.791667
1075.854167
1085.187499
716.375000
741.062500
741.854165
868.020833
1183.875001
1192.458333
1045.312499
779.375000
859.687501
956.895833
896.166666
990.958333
996.770834
939.854166
913.812501
878.145833
880.437500
873.979167
1075.145833
1036.458334
990.187501
1007.999999
1012.812501
1090.979167
1069.020833
1080.812501
1086.500001
1061.833333
1046.666667
1102.437500
1157.625000
1094.041667
1033.479166
1181.979167
1202.250000
933.416666
940.270834
1050.812500
964.937501
818.041667
933.499999
887.437500
961.437501
798.625000
694.000001
721.145833
923.500000
859.937500
900.354166
886.208333
850.125000
647.645833
779.687501
979.791668
955.416667
929.020834
989.854168
1049.000001
1043.812500
1043.270835
871.208332
754.916668
730.437500
711.333334
796.833333
618.645834
1010.187501
1115.583334
998.520835
937.270833
848.041668
837.750001
918.333334
890.750001
808.270833
1046.875001
698.416667
760.500001
798.708332
792.979165
773.145835
805.062499
815.520834
721.895834
693.374999
650.020834
644.333334
664.166668
697.041668
707.750001
947.562501
963.854167
919.895834
891.041666
777.791667
769.791667
932.541668
829.416666
861.270833
816.375001
777.729168
726.520834
730.708333
764.395834
709.270833
705.333332
663.166667
668.916666
744.124999
730.375001
743.687501
858.500000
821.125001
903.666665
969.458333
952.395834
1235.166667
1206.249999
1166.104167
1102.708334
1093.687500
1052.895833
1116.395835
1376.625000
1232.937499
1405.854166
1085.541667
1161.187500
1102.562499
1462.312499
1379.374999
1461.916667
1551.291666
1447.937501
1207.916667
1081.937501
1081.958332
1130.708333
1168.833335
1058.750001
1115.999999
1094.041666
1071.312500
1188.916667
1150.083334
1206.750000
1216.208333
1398.520832
1439.875000
1380.937501
1415.083333
1398.562501
1381.916665
1418.458333
1278.604167
1295.958333
1269.729166
914.312500
1258.812501
1348.020833
1391.541667
1412.770832
953.041667
770.312501
1055.229167
1018.541667
770.125001
1093.645834
724.145835
761.729166
823.833333
861.458333
861.958333
788.541667
889.062501
1050.770835
1174.708333
722.083333
1074.937501
1019.791667
1026.583333
918.937499
683.062501
682.916666
717.541665
900.916666
952.625000
1129.437500
999.270833
858.208332
714.187501
726.916667
694.020832
657.166667
851.666665
957.770833
957.208335
703.416666
743.812500
740.500001
697.229167
983.770833
981.104167
971.375001
1043.937499
1059.062501
1068.166667
1026.125001
1030.104167
1001.437500
988.687500
921.604167
756.312501
856.041667
793.749999
764.395833
732.791667
746.166666
666.604167
745.500000
786.666667
878.229166
878.708333
936.416667
910.958334
947.145833
999.041667
861.249999
866.874999
865.979166
898.375000
923.520833
927.895833
926.791666
909.500001
863.666668
887.437499
909.291666
903.145834
911.520833
910.999999
885.208333
902.666666
833.062500
850.875000
862.645833
803.499999
936.395834
967.145833
1124.604167
1099.833334
1087.624999
1075.208333
1050.812501
748.770833
843.041667
868.187499
861.125001
914.666667
892.187499
914.500001
848.000001
838.541667
814.125000
730.729167
665.125001
647.250000
670.854167
670.645835
669.854165
708.687499
759.437501
748.229166
758.437499
644.062501
728.666668
772.000000
791.458335
786.416667
723.979165
997.083333
1043.770833
966.895832
908.750001
994.604167
1274.354167
1264.687499
1280.979167
1314.187501
1236.645832
714.854165
580.395833
643.333334
649.458333
627.416667
655.875000
663.770834
653.145832
634.541667
660.000001
656.166666
659.791666
669.229168
663.166666
689.541667
655.375000
644.041667
639.583333
502.187501
560.520833
551.187499
534.249999
525.437499
531.770833
582.145835
604.374999
634.104167
633.770835
647.229166
647.166667
674.812501
677.958334
679.979166
587.291667
553.062500
590.000001
602.645834
599.416666
638.229167
686.229166
773.541667
785.083333
794.000001
757.854167
801.541667
839.812499
894.666667
754.270833
731.645833
808.354167
741.416667
735.124999
763.145832
764.854167
786.333335
695.937501
761.166667
773.437501
759.395833
763.729167
768.458333
1008.541666
720.979167
775.479167
708.916666
691.229168
648.041667
641.166667
677.208332
870.708335
779.416667
735.395833
853.625000
795.250000
705.458334
716.458333
738.104167
749.354166
770.708333
807.375001
824.854167
862.833333
835.250000
776.312499
831.145833
811.458333
785.291667
772.416667
830.499999
791.562499
789.374999
803.187499
883.250001
911.687500
1000.916666
1188.354167
1482.333333
1370.937499
1422.979168
1023.729168
1046.687500
1151.124999
1160.270833
1121.499999
823.458333
875.750001
754.729167
785.354167
763.125000
728.666667
746.916667
776.937500
813.312499
787.187500
751.604167
746.895833
737.583334
795.041667
778.479166
768.187501
806.875001
786.729166
773.812499
717.187500
750.479166
867.520832
882.645833
890.416665
773.645832
688.791665
989.625000
1107.791666
1162.895834
1167.229166
1162.854167
1038.104166
1019.562501
1034.958335
1064.541666
1044.437500
975.708332
946.020833
872.770835
565.208332
796.229167
851.124999
904.812501
905.312500
871.625001
691.770834
651.333334
738.000001
605.062501
590.250000
604.187499
611.145834
630.625000
688.583333
661.791666
621.312500
632.708333
622.895834
901.666668
759.229167
616.979167
564.145833
490.437501
446.687500
608.541667
826.062500
837.395833
893.125000
901.312499
733.645833
707.354167
805.250000
771.604167
791.729168
761.270833
783.083333
761.312501
782.229167
641.854167
589.916667
599.291667
621.645833
570.145834
616.812500
671.166667
658.958334
691.812499
732.791668
732.250001
711.833335
806.229165
791.125001
813.749999
772.937501
745.270833
729.895832
715.354168
661.979166
586.000000
640.145834
675.083333
620.875000
389.416667
437.770833
505.229165
546.916667
561.750000
590.375001
548.416666
517.208334
537.291667
528.729167
582.166667
629.395834
610.000000
592.729167
626.083333
678.000001
697.625000
710.791667
710.666665
725.000001
720.062500
713.770833
721.624999
666.229166
632.041666
620.895834
610.083333
568.624999
538.562499
543.229167
590.312501
576.604167
609.250000
603.708333
636.312500
604.833333
589.604167
589.958332
588.166667
605.791668
649.375001
700.249999
627.687500
683.437501
617.166666
653.083334
685.479168
700.500000
721.979167
706.625001
833.312501
792.666666
736.729167
715.500001
664.916668
584.208333
550.458333
530.333334
546.166667
552.770832
517.645834
503.916667
568.499999
582.729167
589.999999
619.583335
609.791667
617.541667
686.812499
724.250000
678.999999
724.041666
674.208332
685.145833
661.062499
723.895833
704.333335
647.625000
473.354167
639.854167
652.645833
635.958333
672.333335
701.333333
762.895834
728.979165
796.416666
791.833334
743.708332
706.104167
702.645832
716.354167
647.854166
640.708332
745.270833
741.541667
710.291665
707.708333
729.250001
730.062499
746.395833
760.000001
913.291667
764.583333
746.354167
858.166667
835.125001
757.541667
693.708334
693.062501
713.583333
630.083333
646.333332
568.875001
587.854167
672.354165
639.770833
661.729166
867.395833
892.791667
845.500001
832.729167
897.604165
803.729166
750.604167
733.020833
846.166667
766.020833
670.145832
757.479167
749.104168
706.354167
872.895834
859.375001
851.895835
907.062501
830.916667
752.333332
759.354167
700.187499
686.854167
685.874999
667.499999
687.541665
667.583333
671.062499
643.854167
657.270833
542.416666
638.812501
1055.187501
1023.687499
1063.979167
1119.208333
994.604167
1109.770833
1049.479167
1107.937501
1098.833334
1038.875000
1006.270834
1023.833333
1102.937500
1056.937499
1122.374999
1210.874999
1201.166667
835.604165
869.083333
905.604166
902.291667
915.791667
907.645833
944.708333
928.458335
865.458334
891.333332
898.208334
886.562500
909.625001
870.562501
873.250001
903.104167
894.333333
785.708333
687.666668
620.583333
673.083334
676.437499
732.687499
729.333333
747.687501
777.479166
790.312500
777.854167
767.979167
732.083334
669.604168
682.500001
705.583333
749.895833
829.500000
767.416665
774.958334
772.541667
726.395834
668.874999
772.416667
855.333335
867.812499
905.083333
869.666668
873.437499
923.749999
909.437499
973.562501
963.333335
921.604166
910.124999
896.270833
1304.229167
942.541667
643.437500
621.395833
670.249999
841.020834
621.374999
715.291667
776.333333
516.437500
558.166666
626.041666
603.583334
653.437499
659.041667
686.916667
703.708332
690.583335
677.291667
704.312500
703.437499
649.020834
616.354167
644.583334
690.520833
664.145833
649.749999
648.604167
617.187501
566.020834
532.750001
634.666666
780.791667
857.229166
889.104167
752.666667
661.687499
605.583333
612.979166
624.354166
793.250001
943.520833
941.625001
721.895833
655.812500
644.500000
635.666667
680.312499
729.541668
831.020835
766.083333
924.916667
859.249999
1032.395834
805.625001
868.479167
577.333333
580.979167
634.916666
630.291668
697.833333
739.666667
772.187500
860.479168
855.395833
890.750001
895.750001
827.729167
893.875000
890.833333
925.333333
930.812501
949.687501
1062.333335
1028.395833
1022.708333
1042.187499
1053.250001
1069.354166
1083.624999
1121.937499
993.395833
1067.812499
1010.166667
892.666666
683.062499
758.708332
900.041667
922.916667
932.479166
889.854168
911.166667
783.687501
660.270834
739.604167
870.145833
918.583332
925.208333
888.395832
827.624999
829.354165
822.645834
832.395833
831.145833
853.020834
847.458335
825.083333
846.812501
839.770832
839.208334
812.437500
745.458332
751.145834
877.375000
942.062500
956.270833
932.062501
767.666667
682.833335
610.916667
649.354167
635.458333
602.687501
580.916667
550.250001
594.624999
896.124999
686.937501
626.937501
674.166665
701.854167
802.916667
713.333335
816.645834
878.062500
840.812500
775.812501
795.020835
730.500000
727.145833
700.666667
679.729165
653.000000
607.416666
522.145833
580.562500
575.791667
636.791666
662.000000
863.166667
1051.499999
1095.645834
1092.249999
1061.229166
1048.937500
797.062499
777.458333
689.916667
695.291666
717.375000
764.916667
778.729167
835.229166
845.354167
1011.375001
1007.791668
1052.208334
1000.020833
904.333333
807.333334
688.041667
841.687499
826.145833
807.916667
796.291666
721.125001
1159.562500
1038.083333
1086.291666
1119.083334
1107.520835
1017.437501
941.812501
703.250000
592.145833
691.916667
609.416668
545.937501
561.854168
623.645833
615.437499
604.062500
610.041668
639.354167
673.999999
657.354167
639.041667
706.291666
714.937500
730.833332
763.229167
828.437499
789.729167
759.833333
823.416667
1000.166667
888.979167
865.520833
894.333334
939.083333
938.166667
895.708333
852.374999
824.333333
729.020833
686.333333
824.458333
934.812499
858.500001
847.687499
791.770834
753.104167
1203.333334
830.874999
1035.437499
683.854166
758.958332
764.395835
767.520832
811.375000
764.104166
813.583334
861.812499
837.750000
844.125000
831.000001
903.541667
810.020834
749.333333
805.041667
825.229167
880.354168
815.458334
777.645833
792.979166
796.166667
803.354167
895.083333
900.750000
923.375001
849.499999
785.791666
768.750001
744.187500
832.166667
875.250001
877.625000
580.895834
570.145835
575.166666
719.645832
688.833335
729.479168
787.520832
716.687499
698.250000
669.062501
632.916666
667.562500
961.750000
895.979167
925.562499
987.395833
1062.458333
1011.229167
988.687501
996.312499
1051.270833
1012.645833
637.145833
687.312501
647.395833
605.749999
553.812500
539.791667
604.562499
578.395833
694.250001
716.749999
652.062500
734.166667
921.437499
887.249999
710.208333
586.312500
515.375000
769.104166
999.833333
816.020833
809.458333
886.416666
701.895833
590.916668
769.208332
803.187499
593.520833
710.395833
914.604168
801.666667
849.729167
750.312499
699.916668
804.333334
841.979166
713.125000
769.208334
885.479167
894.437499
955.354166
555.729167
599.770834
723.520833
676.000001
576.687500
638.229166
623.958334
738.729167
826.645832
845.875000
807.854165
820.812500
769.708335
696.229168
717.708334
755.770832
794.750000
793.041665
787.770833
817.354166
724.500000
626.645833
672.270834
846.604167
890.312499
909.645833
842.770835
884.124999
761.624999
717.750000
690.791665
714.166666
708.770834
699.125001
695.687499
547.104167
590.625000
620.041667
629.729167
698.187501
771.250001
1017.291666
1022.020833
1051.020833
1064.125000
1013.937499
590.874999
760.666667
882.437499
901.458334
786.374999
746.875001
652.625000
589.979165
632.250000
588.749999
606.604167
969.937499
1024.437500
1099.791666
1161.604168
1218.729167
1268.895833
1301.250000
1230.020833
1206.854166
1157.625001
993.375000
897.708333
972.000001
972.145835
997.208333
960.375000
994.062499
976.062499
842.354168
905.145833
1071.062500
1086.854166
1015.958335
952.124999
758.541668
909.041667
818.958335
1099.500001
997.708334
955.687501
825.312499
922.958333
870.541667
873.000000
842.187501
890.729165
839.270834
852.020833
927.479167
1129.020834
1158.562501
958.895835
934.562500
802.791666
760.833333
760.437499
764.874999
769.458333
761.708334
559.979167
645.208334
765.645833
706.937501
732.104167
729.666665
706.395834
646.770833
694.270833
809.312500
944.312500
854.187499
820.749999
616.333333
552.583333
973.541665
1037.166667
948.416667
893.270835
934.333333
988.583335
1014.833332
961.249999
1038.208333
908.770834
837.500000
964.291668
979.354166
1060.624999
1165.312499
1006.083332
788.958333
828.187499
612.708333
671.312499
1002.437501
827.562500
843.000001
803.604168
887.270833
934.687499
899.041667
704.708334
634.625000
707.208332
792.416667
798.520833
767.250000
752.166666
593.916667
580.833334
673.645834
709.166667
709.187500
658.083335
744.583333
743.979167
858.395832
846.520834
797.979166
766.604167
841.645833
759.687500
593.666667
598.541666
616.083334
574.687499
706.500001
885.208334
915.354167
1030.562499
1070.541668
1057.041666
1048.499999
888.583333
687.812500
711.291668
859.833333
859.666667
855.729167
861.687500
826.166667
656.229167
491.708335
602.645834
879.479165
745.291668
558.250000
852.125000
908.166665
857.708333
654.270833
628.750001
857.875001
844.812499
645.958333
623.687501
625.999999
609.729165
617.625001
705.895833
702.604166
727.250001
696.749999
626.854167
605.749999
717.979167
815.895832
752.875001
644.687500
738.541665
700.437501
818.479166
881.312501
861.895832
893.208333
945.708333
1106.104167
1020.375000
731.562499
831.333334
975.770833
1195.437500
1182.604167
1295.020834
1335.104166
1347.124999
1385.604166
1346.020833
1314.124999
1299.229168
1342.270835
1167.479168
936.354167
1074.020834
1319.666667
949.895833
999.687501
1072.583333
1091.833333
1083.479167
1085.604167
1103.124999
1098.687500
1095.416667
1111.229168
1147.000000
987.812501
948.041665
934.791665
925.208333
928.604165
951.833333
857.354167
844.999999
828.354166
797.916665
778.500001
798.625000
776.312499
767.333333
760.729166
820.749999
887.416666
969.687499
1017.937501
953.062501
849.958333
883.937501
897.750000
903.229167
931.187499
977.604167
990.666667
835.770833
945.125001
1026.458334
952.479166
824.208334
847.270834
905.895832
969.770834
938.354167
771.354167
739.479167
763.312499
733.145834
813.520834
1327.062500
883.395833
688.145833
733.875001
760.541666
655.895833
960.104166
934.624999
823.479167
903.770833
915.520833
834.208333
657.687501
625.250000
646.562501
433.729167
672.770833
676.999999
742.250001
1057.104167
1020.895835
891.020834
654.249999
656.875000
661.812499
687.937499
593.479165
694.750000
710.395834
628.187500
725.354165
741.520834
686.083334
751.750001
865.958334
947.854167
810.020834
1259.958334
1311.437499
1304.958333
1133.874999
1074.375001
1121.750001
1235.062499
1321.729166
1012.854167
834.645832
1036.166667
1217.416667
1104.895833
988.145834
867.854167
828.625001
821.312501
691.645835
900.020833
860.416667
981.854166
880.250001
862.208332
844.500001
867.916667
830.041667
874.374999
797.479167
822.895833
775.708333
837.270834
752.333333
768.145834
840.750000
793.500000
699.625001
800.666667
767.562501
759.000001
560.125001
475.333332
674.083333
694.437499
782.000000
633.020833
695.500000
621.354167
588.625001
662.875001
704.604168
723.687499
717.583333
770.041667
782.708334
402.979167
569.187499
732.020833
741.250001
970.625000
805.854168
756.062499
820.187500
784.562500
736.708333
790.395833
840.104165
663.458334
712.625000
740.312501
607.041666
770.249999
740.999999
830.541667
956.562500
963.333332
642.062501
617.604166
693.520833
1078.937500
836.083333
1184.895834
1241.916666
1304.500000
1262.562500
895.791666
769.729167
782.291667
889.937501
1409.020834
1231.833334
1474.520833
1259.437500
875.562500
971.083334
813.125000
758.479167
814.541667
768.770835
1116.270833
971.645835
842.812499
952.958334
1072.500001
1274.708334
1371.041668
1090.291667
1088.229168
1051.499999
1038.291667
994.291666
1314.041667
1263.999999
1191.791665
1126.937501
1087.854167
1158.041666
1123.916668
1154.979168
1139.187500
753.687499
731.270834
727.708333
736.958334
812.958333
871.458334
1206.708335
1247.187501
1243.916667
1193.395833
1121.979167
1184.458332
788.458333
768.020832
716.166667
686.562501
655.416667
733.687500
764.375000
739.166666
858.416667
982.625000
901.854166
879.166667
811.875001
870.750000
895.499999
934.937500
1032.624999
1054.729167
1054.208332
1017.208335
939.083333
984.437501
969.708334
932.666665
966.854166
1000.750001
996.833333
936.062499
859.541667
934.520832
699.708335
1462.270835
1418.562499
1108.062499
1271.708333
1233.625001
1377.187501
1289.770835
1071.145833
699.520834
1264.749999
1200.437501
1081.812500
835.354167
1298.020833
1163.520833
1058.895833
1170.354166
1138.874999
1020.895834
1174.937499
989.812501
770.145835
995.750000
1071.062500
1159.729166
1087.020833
1116.312499
1372.291667
1378.604167
1318.041667
678.249999
940.625001
906.104168
1378.749999
1371.854167
823.124999
814.187499
833.041666
987.333333
1002.333333
953.166666
987.812501
912.979167
968.520834
1005.604166
1063.500000
1067.374999
888.645833
917.124999
803.979166
877.708333
853.854168
797.958332
889.166667
889.145834
922.583333
925.854166
1076.166666
1207.333333
966.187501
895.291667
870.416665
865.354167
868.270833
1012.125001
1036.770833
971.145833
904.250001
801.979168
722.249999
773.000001
758.020835
714.437501
849.958334
893.041668
787.520835
621.916667
719.729166
610.937500
724.916667
962.125000
913.437500
689.875001
748.187500
880.520833
875.354167
1029.520833
1186.687499
1231.041666
1311.895833
1283.250001
848.875001
655.708332
870.520833
494.541668
728.208333
710.375001
735.229167
786.500000
868.875001
784.270832
808.458335
811.291667
936.312501
895.437501
767.937499
769.770833
787.145833
784.229166
817.999999
884.354167
933.000000
992.020834
859.562499
927.750000
900.395834
775.062501
823.770833
862.479167
837.416668
792.520834
763.770833
1005.333334
1183.125001
1196.770833
1245.500001
1193.229166
1296.229165
1293.687501
1059.895833
982.562500
937.937501
952.291667
1031.625000
952.562500
942.770833
909.833332
974.437500
1127.020834
1122.062501
936.625000
902.458333
861.312501
769.416666
901.770833
898.624999
794.729167
660.437500
856.291666
714.166665
801.645833
825.604167
824.062500
891.958333
778.354165
780.374999
726.416667
768.791667
796.666666
758.750001
697.583334
829.520833
792.291667
758.708333
743.958333
673.041666
619.270833
651.083332
693.770833
742.270833
726.208333
644.750000
694.270833
641.791667
833.458333
881.604168
997.083333
798.979168
1064.291666
1007.229167
1042.000000
1061.125000
874.520835
900.625001
780.395833
764.020833
792.416667
843.916667
952.874999
935.895834
907.312501
920.166665
644.687500
1056.499999
1036.187501
778.250000
798.645833
813.166668
838.791668
876.479167
897.645832
905.208333
837.500000
1087.520834
1105.937501
1211.791668
1235.541668
1207.166667
1108.583333
1167.791667
985.124999
928.062501
908.416668
930.625000
1020.041667
993.791666
847.229165
966.854167
924.812501
741.479167
936.187500
924.062499
924.020832
940.145833
813.416667
812.687499
920.062501
910.041667
933.604167
926.166666
954.395833
896.166666
944.812500
951.104167
799.312499
862.229165
911.729167
882.791667
826.000000
745.937499
768.770834
816.520833
1085.770833
930.583334
974.937499
1011.666667
1030.770834
975.729165
934.312499
937.812500
846.687499
830.625001
799.458334
803.687501
755.270833
817.750000
808.833334
887.979167
914.833333
853.729167
842.958332
813.520833
795.416668
689.375001
511.479168
578.749999
569.395833
755.875001
812.062499
675.895833
671.333335
819.270833
808.541667
816.833332
877.437501
991.145833
1055.166666
973.687500
907.812500
958.479168
961.458334
903.125000
1164.354167
931.687501
861.395833
907.479167
909.145833
912.125001
965.354167
1029.562501
844.625000
957.250000
751.916667
627.979167
746.333334
552.270833
617.812501
620.937499
608.874999
507.666665
632.458333
669.833333
678.770832
717.458332
739.083333
629.125001
628.500000
423.354165
519.604167
611.875001
611.270834
569.312501
599.479166
640.104167
640.479167
663.062500
665.562500
692.500000
732.166667
798.812501
818.375000
855.958333
900.562500
916.750001
963.104167
896.958332
1003.062499
927.666667
905.312500
850.854165
869.249999
874.729166
911.145833
803.645834
794.583335
791.562499
951.875001
977.999999
948.583334
1026.729167
952.229167
941.374999
866.958334
819.687501
772.291667
765.458333
760.958334
749.166667
673.395833
734.583335
780.791666
755.416667
709.291666
691.520833
629.041665
645.416668
894.937500
986.104165
941.541667
867.833334
946.062501
999.416667
1030.104167
906.999999
904.770835
1008.562500
892.625001
809.437499
845.312500
835.083333
855.020833
794.666668
861.187499
868.562500
907.208334
930.937501
1053.562501
965.083332
976.645833
1032.187500
1012.000000
1011.354167
995.416667
1077.999999
1045.333333
1026.333334
1015.541667
1009.062499
985.083333
882.604165
879.041666
889.291668
909.270834
798.645833
865.999999
1070.083334
1051.187499
954.375000
986.583334
815.937501
647.750001
585.395834
655.416667
661.458335
684.500001
729.875001
747.020835
832.645833
846.333333
540.770833
673.333333
891.854165
1327.062500
1320.333333
1317.312499
1306.541666
1297.729168
1382.895834
1317.791665
1206.645835
1055.000000
991.291667
1001.666667
1017.145833
1124.020834
1123.187501
1151.104166
1152.270833
1378.250000
1332.083333
1105.958333
1179.166667
1210.312501
1185.562499
1182.854167
697.270833
684.083333
687.687499
744.312499
730.291667
678.520833
604.624999
683.187499
756.916667
745.937501
792.270833
749.291667
692.145833
749.166667
707.000001
708.145834
892.145834
901.916665
858.041668
963.479166
952.541666
927.145834
833.958333
823.291667
845.854165
829.708334
869.520833
784.083334
834.937499
863.625000
776.500001
730.791667
633.750001
580.541666
563.520833
576.687499
568.895833
556.333333
555.437499
668.208334
644.520835
662.979167
636.895834
645.645834
836.916667
837.479167
616.229167
574.729167
612.333333
599.020833
593.645833
566.937500
635.979166
628.166667
614.229167
633.875000
647.937500
640.833333
574.729167
579.979167
688.312499
609.354167
718.854165
676.604166
678.541667
668.104167
705.854167
695.499999
689.770832
661.187501
660.770834
594.083333
583.374999
591.729168
594.249999
651.062501
660.604168
591.291667
623.833333
682.020833
675.958333
654.770833
1198.895835
1080.166667
1120.208332
1061.000000
1099.208335
1172.229165
718.041667
1064.375001
1118.208333
1178.333335
733.645833
662.312499
650.333335
665.687501
628.437501
577.208335
562.541667
564.708334
533.124999
504.708333
496.166667
517.541666
664.166667
606.020833
673.979168
691.937499
681.770833
690.333334
626.583334
711.083334
842.520835
905.541667
776.437499
782.895833
831.833333
797.541667
824.145832
844.375001
804.020835
673.583332
633.187501
651.395834
705.562501
707.624999
645.270833
668.312499
659.833333
702.958332
804.041665
761.229168
831.625000
899.604167
926.687501
896.500000
1007.541666
881.750000
721.249999
752.854167
797.479168
726.479168
729.208332
771.270833
636.333333
643.645833
639.083334
684.770833
713.208335
713.291667
766.604168
693.979165
793.208334
804.270833
751.604167
743.166666
703.749999
619.833333
610.500001
702.291666
658.979167
586.062501
715.562501
704.916666
638.979167
588.708333
607.104165
583.166667
534.791667
628.374999
656.083332
716.687499
680.020834
729.791665
772.854167
757.666666
662.333333
743.020833
808.062500
850.062501
864.083334
870.812499
911.687499
898.000001
1036.354168
909.979167
989.312499
962.520833
981.354167
997.541667
972.208333
633.000001
627.333333
962.854166
1126.624999
1249.125001
1255.312500
1177.937501
1154.625001
1166.999999
1196.812500
1048.750001
1131.041667
1126.708333
1165.916667
1224.979167
1099.562501
979.166667
903.041667
736.208335
738.895834
761.625000
792.562500
819.750000
846.770833
868.520833
1014.125001
940.749999
916.000000
905.541666
882.729165
849.479167
789.645835
716.708333
685.666668
662.916667
670.312500
562.979168
577.854166
561.291667
557.645835
529.375001
648.520833
718.333333
718.854168
610.020833
645.187501
678.708333
721.312499
708.041666
774.583333
616.479168
635.999999
633.854166
598.437500
565.479167
576.520833
541.437499
600.354166
612.708332
678.354166
592.729167
538.354167
554.229165
597.812499
598.458335
633.187500
655.041668
638.958333
699.437500
767.041665
786.958333
802.645835
847.458335
762.229167
827.833333
882.125001
873.083334
768.916667
698.708333
675.187499
756.312500
789.666667
659.374999
670.479168
576.874999
533.312499
620.729167
551.770834
734.729168
736.354167
719.645832
727.208333
606.395833
677.583333
893.708333
976.770833
1090.354167
926.958334
796.416667
689.708332
661.270835
539.291667
644.812501
608.958334
653.458333
598.229166
665.395833
643.604167
674.770834
673.270833
567.541667
590.541667
665.729167
714.354165
618.791666
588.937501
644.395833
754.187499
802.833335
794.104167
765.562501
834.916666
844.875000
828.291665
941.416668
1008.895833
934.104168
907.104167
909.791668
755.229166
739.479166
758.854167
909.812501
1006.000000
670.250000
666.520833
689.208333
643.979167
613.104166
745.374999
891.166667
743.416667
670.958332
701.041667
653.416666
622.874999
567.312501
626.770834
880.312501
890.937500
927.625000
918.145833
878.187500
911.958335
960.687499
980.062501
971.833332
954.479167
966.000000
924.833332
860.979167
863.687499
884.812499
857.083334
814.000001
916.375001
889.270833
816.104168
858.395834
894.687501
921.416667
933.604166
940.583334
1011.708333
1025.270833
1028.583333
1083.083333
1153.854167
1209.875000
1190.104167
1058.437499
1103.541667
1124.833333
1107.020833
1089.562499
1092.625001
1093.062500
1103.750001
1082.333333
1141.437500
1109.458333
1135.416667
1135.125001
1093.187501
1082.979165
1094.645833
962.583333
956.458333
940.249999
970.708333
928.812499
938.812501
945.729166
863.437500
899.333334
903.270833
880.916667
819.812499
842.291667
891.979167
836.250001
1148.708334
1115.354167
1082.833333
1078.000001
1077.375000
1049.250000
1030.979167
1016.020833
998.458333
1017.187501
1014.895833
875.291667
942.104167
824.229166
980.583334
943.208333
951.895833
930.041667
937.062499
890.812499
928.770832
821.979167
936.020833
971.479168
958.500000
914.437499
734.875001
983.854168
1197.270833
1196.104167
1147.333333
743.979166
631.354166
690.729167
682.937501
602.583333
475.062500
566.229167
534.833333
479.583334
753.229167
776.437499
794.312501
789.354167
807.604168
817.729166
814.187500
761.479167
631.729165
643.833333
632.666667
765.333334
805.104167
693.145835
722.520834
643.187501
574.166666
539.020833
576.562501
707.895833
797.375001
836.229167
829.687501
825.833333
793.624999
730.916668
585.291668
608.729167
761.854166
1082.729166
1070.999999
1040.770834
830.687501
766.916667
679.249999
659.416666
608.374999
635.770833
617.312500
580.208334
642.000001
621.687499
629.812499
632.083333
620.270833
550.354166
665.854167
693.333333
743.208333
693.916667
746.854167
674.979167
697.354167
781.520833
796.062500
728.812499
724.708335
685.979167
713.479167
730.541665
1107.562499
1210.666667
827.208333
836.729166
1298.145835
1278.041667
1287.770833
1300.791666
1190.229167
853.520834
844.874999
782.291665
836.833335
796.458334
854.625001
856.812499
800.291666
752.916667
681.291666
667.145834
733.062500
731.833334
718.187501
731.708333
585.125001
473.541667
552.062499
635.916667
543.020833
570.229167
558.312501
588.291666
609.625000
836.437500
868.250000
877.791665
937.791668
927.375001
1015.916668
965.791665
892.958335
917.000000
845.812500
810.375000
805.729167
786.020833
784.395833
602.145834
618.916667
734.229167
707.145834
675.750001
625.958333
864.583333
888.541666
677.312501
552.229167
626.291666
656.979165
770.062499
815.187499
778.479165
762.687500
771.458333
769.916665
728.395833
742.937499
768.083332
713.541666
650.125000
627.187500
603.687501
633.229167
635.166666
1085.833333
1106.124999
1091.854167
1071.375000
1054.499999
620.416667
523.000000
408.916665
447.312500
589.229167
659.999999
716.645833
745.916667
750.000000
796.687499
834.250000
877.208333
903.479165
780.708333
766.958333
715.666667
673.083334
553.645834
595.229167
505.083333
549.354168
575.250001
788.749999
788.416666
761.875000
710.500001
729.458334
623.874999
627.166667
665.791667
704.416666
754.750000
736.208334
785.770833
790.145832
800.187501
779.791667
846.854168
769.645835
750.541667
689.291667
596.145833
696.833333
728.020833
721.458332
692.166666
712.750000
698.645833
696.354167
663.416667
664.229167
684.687500
663.625001
621.833334
618.375000
644.583333
645.333333
618.749999
634.520833
550.895833
618.124999
652.416667
781.041666
810.500000
811.625000
783.687501
807.625001
790.937501
788.979165
825.187501
641.500001
566.708332
750.020834
716.645833
744.916665
630.833332
684.812501
695.187499
703.645835
793.875000
810.875000
845.333332
830.020833
689.833334
677.625000
